2024-05-23 16:34:42 info: Server läuft auf http://localhost:3000
2024-05-23 16:34:42 info: Verbunden mit der Datenbank
2024-05-23 16:34:57 info: Login-Daten empfangen:
2024-05-23 16:34:57 info: Ergebnisse der Abfrage:
2024-05-23 16:34:57 info: Sitzung gesetzt für Benutzer:
2024-05-23 16:34:57 info: Keine gültige Sitzung, Weiterleitung zur about.html
2024-05-23 16:37:59 info: Server läuft auf http://localhost:3000
2024-05-23 16:37:59 info: Verbunden mit der Datenbank
2024-05-23 16:38:21 info: Login-Daten empfangen:
2024-05-23 16:38:21 info: Ergebnisse der Abfrage:
2024-05-23 16:38:21 info: Sitzung gesetzt für Benutzer:
2024-05-23 16:38:21 info: Keine gültige Sitzung, Weiterleitung zur about.html
2024-05-23 16:42:45 info: Server läuft auf http://localhost:3000
2024-05-23 16:42:45 info: Verbunden mit der Datenbank
2024-05-23 16:42:58 info: Anfrage für Sitzungsinformationen erhalten
2024-05-23 16:42:58 info: Keine Sitzung gefunden
2024-05-23 16:43:14 info: Login-Daten empfangen:
2024-05-23 16:43:14 info: Ergebnisse der Abfrage:
2024-05-23 16:43:14 info: Sitzung gesetzt für Benutzer:
2024-05-23 16:43:14 info: Überprüfung der Sitzung für Benutzer:
2024-05-23 16:43:14 info: Sitzungsdaten:
2024-05-23 16:43:14 info: Keine gültige Sitzung, Weiterleitung zur about.html
2024-05-24 12:40:24 info: Server läuft auf http://localhost:3000
2024-05-24 12:40:24 info: Verbunden mit der Datenbank
2024-05-24 12:40:30 info: Anfrage für Sitzungsinformationen erhalten
2024-05-24 12:40:30 info: Keine Sitzung gefunden
2024-05-24 12:40:45 info: Login-Daten empfangen:
2024-05-24 12:40:45 info: Ergebnisse der Abfrage:
2024-05-24 12:40:45 info: Sitzung gesetzt für Benutzer:
2024-05-24 12:40:45 info: Überprüfung der Sitzung für Benutzer:
2024-05-24 12:40:45 info: Sitzungsdaten:
2024-05-24 12:40:45 info: Keine gültige Sitzung, Weiterleitung zur about.html
2024-05-24 12:50:15 info: Server läuft auf http://localhost:3000
2024-05-24 12:50:15 info: Verbunden mit der Datenbank
2024-05-24 12:50:35 info: Login-Daten empfangen:
2024-05-24 12:52:52 info: Server läuft auf http://localhost:3000
2024-05-24 12:52:52 info: Verbunden mit der Datenbank
2024-05-24 12:53:04 info: Login-Daten empfangen:
2024-05-24 12:53:04 info: Ergebnisse der Abfrage:
2024-05-24 12:53:04 info: Sitzung gesetzt für Benutzer:
2024-05-24 12:53:04 info: Überprüfung der Sitzung für Benutzer:
2024-05-24 12:53:04 info: Sitzungsdaten:
2024-05-24 12:53:04 info: Keine gültige Sitzung, Weiterleitung zur about.html
2024-05-24 13:00:37 info: Server läuft auf http://localhost:3000
2024-05-24 13:00:37 info: Verbunden mit der Datenbank
2024-05-24 13:01:29 info: Server läuft auf http://localhost:3000
2024-05-24 13:01:29 info: Verbunden mit der Datenbank
2024-05-24 13:01:40 info: Anfrage für Sitzungsinformationen erhalten
2024-05-24 13:01:40 info: Keine Sitzung gefunden
2024-05-24 13:02:45 info: Server läuft auf http://localhost:3000
2024-05-24 13:02:45 info: Verbunden mit der Datenbank
2024-05-24 13:03:10 info: Login-Daten empfangen:
2024-05-24 13:03:10 info: Ergebnisse der Abfrage:
2024-05-24 13:03:10 info: Sitzung gesetzt für Benutzer:
2024-05-24 13:03:10 info: Überprüfung der Sitzung für Benutzer:
2024-05-24 13:03:10 info: Sitzungsdaten:
2024-05-24 13:03:10 info: Keine gültige Sitzung, Weiterleitung zur about.html
2024-05-24 13:04:33 info: Server läuft auf http://localhost:3000
2024-05-24 13:04:33 info: Verbunden mit der Datenbank
2024-05-24 13:07:47 info: Server läuft auf http://localhost:3000
2024-05-24 13:07:47 info: Verbunden mit der Datenbank
2024-05-24 13:12:00 info: Server läuft auf http://localhost:3000
2024-05-24 13:12:00 info: Verbunden mit der Datenbank
2024-05-24 13:34:07 info: Server läuft auf http://localhost:3000
2024-05-24 13:34:07 info: Verbunden mit der Datenbank
2024-05-24 13:34:22 info: Login-Daten empfangen:
2024-05-24 13:34:22 info: Ergebnisse der Abfrage:
2024-05-24 13:34:22 info: Sitzung gesetzt für Benutzer:
2024-05-24 13:34:22 info: Überprüfung der Sitzung für Benutzer:
2024-05-24 13:34:22 info: Sitzungsdaten:
2024-05-24 13:34:22 info: Keine gültige Sitzung, Weiterleitung zur about.html
2024-05-24 13:35:19 info: Login-Daten empfangen:
2024-05-24 13:35:19 info: Ergebnisse der Abfrage:
2024-05-24 13:35:19 info: Sitzung gesetzt für Benutzer:
2024-05-24 13:35:19 info: Überprüfung der Sitzung für Benutzer:
2024-05-24 13:35:19 info: Sitzungsdaten:
2024-05-24 13:35:19 info: Keine gültige Sitzung, Weiterleitung zur about.html
2024-05-24 13:35:42 info: Login-Daten empfangen:
2024-05-24 13:35:42 info: Ergebnisse der Abfrage:
2024-05-24 13:35:42 info: Sitzung gesetzt für Benutzer:
2024-05-24 13:35:42 info: Überprüfung der Sitzung für Benutzer:
2024-05-24 13:35:42 info: Sitzungsdaten:
2024-05-24 13:35:42 info: Keine gültige Sitzung, Weiterleitung zur about.html
2024-05-24 13:39:15 info: Server läuft auf http://localhost:3000
2024-05-24 13:39:15 info: Verbunden mit der Datenbank
2024-05-24 13:39:38 info: Login-Daten empfangen:
2024-05-24 13:39:38 info: Ergebnisse der Abfrage:
2024-05-24 13:39:38 info: Sitzung gesetzt für Benutzer:
2024-05-24 13:39:38 info: Überprüfung der Sitzung für Benutzer:
2024-05-24 13:39:38 info: Sitzungsdaten:
2024-05-24 13:39:38 info: Keine gültige Sitzung, Weiterleitung zur about.html
2024-05-24 13:44:27 info: Server läuft auf http://localhost:3000
2024-05-24 13:44:27 info: Verbunden mit der Datenbank
2024-05-24 13:44:40 info: Login-Daten empfangen:
2024-05-24 13:44:40 info: Ergebnisse der Abfrage:
2024-05-24 13:44:40 info: Sitzung gesetzt für Benutzer:
2024-05-24 13:44:40 info: Überprüfung der Sitzung für Benutzer:
2024-05-24 13:44:40 info: Sitzungsdaten:
2024-05-24 13:44:40 info: Keine gültige Sitzung, Weiterleitung zur about.html
2024-05-24 13:46:54 info: Login-Daten empfangen:
2024-05-24 13:46:54 error: Fehler bei der Datenbankabfrage: ER_BAD_FIELD_ERROR: Unknown column 'NaN' in 'where clause'
2024-05-24 13:50:08 info: Server läuft auf http://localhost:3000
2024-05-24 13:50:08 info: Verbunden mit der Datenbank
2024-05-24 13:50:24 info: Login-Daten empfangen:
2024-05-24 13:50:24 info: [object Object]
2024-05-24 13:50:24 info: Ergebnisse der Abfrage:
2024-05-24 13:50:24 info: Sitzung gesetzt für Benutzer:
2024-05-24 13:50:24 info: Überprüfung der Sitzung für Benutzer:
2024-05-24 13:50:24 info: Sitzungsdaten:
2024-05-24 13:50:24 info: Keine gültige Sitzung, Weiterleitung zur about.html
2024-05-24 14:13:49 info: Server läuft auf http://localhost:3000
2024-05-24 14:13:49 info: Verbunden mit der Datenbank
2024-05-24 14:14:05 info: Login-Daten empfangen:
2024-05-24 14:14:05 info: [object Object]
2024-05-24 14:14:05 info: Ergebnisse der Abfrage:
2024-05-24 14:14:05 info: Sitzung gesetzt für Benutzer:
2024-05-24 14:14:05 info: Überprüfung der Sitzung für Benutzer:
2024-05-24 14:14:05 info: Sitzungsdaten:
2024-05-24 14:14:05 info: Keine gültige Sitzung, Weiterleitung zur about.html
2024-05-24 14:15:19 info: Server läuft auf http://localhost:3000
2024-05-24 14:15:19 info: Verbunden mit der Datenbank
2024-05-24 14:15:35 info: Login-Daten empfangen:
2024-05-24 14:15:35 info: {"username":"2001","password":"pw2001"}
2024-05-24 14:15:35 info: Ergebnisse der Abfrage:
2024-05-24 14:15:35 info: Sitzung gesetzt für Benutzer:
2024-05-24 14:15:35 info: Überprüfung der Sitzung für Benutzer:
2024-05-24 14:15:35 info: Sitzungsdaten:
2024-05-24 14:15:35 info: Keine gültige Sitzung, Weiterleitung zur about.html
2024-05-24 15:55:21 info: Server läuft auf http://localhost:3000
2024-05-24 15:55:21 info: Verbunden mit der Datenbank
2024-05-24 15:55:59 info: Login-Daten empfangen: {"username":"2001","password":"pw2001"}
2024-05-24 15:55:59 info: {"username":"2001","password":"pw2001"}
2024-05-24 15:55:59 info: Ergebnisse der Abfrage:
2024-05-24 15:55:59 info: Sitzung gesetzt für Benutzer:
2024-05-24 15:55:59 info: Überprüfung der Sitzung für Benutzer:
2024-05-24 15:55:59 info: Sitzungsdaten:
2024-05-24 15:55:59 info: Gültige Sitzung für Benutzer:
2024-05-24 15:55:59 info: Anfrage für Sitzungsinformationen erhalten
2024-05-24 15:55:59 info: Sitzungsinformationen:
2024-05-24 15:56:04 info: Performance-Daten:
2024-05-24 15:56:09 info: Performance-Daten:
2024-05-24 15:56:14 info: Performance-Daten:
2024-05-24 15:56:19 info: Performance-Daten:
2024-05-24 15:56:24 info: Performance-Daten:
2024-05-24 15:56:29 info: Performance-Daten:
2024-05-24 15:56:34 info: Performance-Daten:
2024-05-24 15:56:39 info: Performance-Daten:
2024-05-24 15:56:44 info: Performance-Daten:
2024-05-24 15:56:49 info: Performance-Daten:
2024-05-24 15:56:54 info: Performance-Daten:
2024-05-24 15:57:09 info: Login-Daten empfangen: {"username":"2001","password":"pw2002"}
2024-05-24 15:57:09 info: {"username":"2001","password":"pw2002"}
2024-05-24 15:57:09 info: Ergebnisse der Abfrage:
2024-05-24 15:57:38 info: Login-Daten empfangen: {"username":"2002","password":"pw2002"}
2024-05-24 15:57:38 info: {"username":"2002","password":"pw2002"}
2024-05-24 15:57:38 info: Ergebnisse der Abfrage:
2024-05-24 15:57:38 info: Sitzung gesetzt für Benutzer:
2024-05-24 15:57:38 info: Überprüfung der Sitzung für Benutzer:
2024-05-24 15:57:38 info: Sitzungsdaten:
2024-05-24 15:57:38 info: Gültige Sitzung für Benutzer:
2024-05-24 15:57:38 info: Anfrage für Sitzungsinformationen erhalten
2024-05-24 15:57:38 info: Sitzungsinformationen:
2024-05-24 15:57:43 info: Performance-Daten:
2024-05-24 15:57:48 info: Performance-Daten:
2024-05-24 15:57:53 info: Performance-Daten:
2024-05-24 15:57:58 info: Performance-Daten:
2024-05-24 15:58:03 info: Performance-Daten:
2024-05-24 15:58:08 info: Performance-Daten:
2024-05-24 15:58:13 info: Performance-Daten:
2024-05-24 15:58:18 info: Performance-Daten:
2024-05-24 15:58:23 info: Performance-Daten:
2024-05-24 15:58:28 info: Performance-Daten:
2024-05-24 15:58:33 info: Performance-Daten:
2024-05-24 15:58:38 info: Performance-Daten:
2024-05-24 15:58:43 info: Performance-Daten:
2024-05-24 15:58:48 info: Performance-Daten:
2024-05-24 15:58:53 info: Performance-Daten:
2024-05-24 15:58:58 info: Performance-Daten:
2024-05-24 15:59:03 info: Performance-Daten:
2024-05-24 15:59:08 info: Performance-Daten:
2024-05-24 15:59:13 info: Performance-Daten:
2024-05-24 15:59:18 info: Performance-Daten:
2024-05-24 15:59:23 info: Performance-Daten:
2024-05-24 15:59:28 info: Performance-Daten:
2024-05-24 15:59:33 info: Performance-Daten:
2024-05-24 15:59:38 info: Performance-Daten:
2024-05-24 15:59:43 info: Performance-Daten:
2024-05-24 15:59:48 info: Performance-Daten:
2024-05-24 15:59:53 info: Performance-Daten:
2024-05-24 15:59:58 info: Performance-Daten:
2024-05-24 16:00:03 info: Performance-Daten:
2024-05-24 16:00:08 info: Performance-Daten:
2024-05-24 16:00:13 info: Performance-Daten:
2024-05-24 16:00:18 info: Performance-Daten:
2024-05-24 16:00:27 info: Login-Daten empfangen: {"username":"2002","password":"pw2002"}
2024-05-24 16:00:27 info: {"username":"2002","password":"pw2002"}
2024-05-24 16:00:27 info: Ergebnisse der Abfrage:
2024-05-24 16:00:27 info: Sitzung gesetzt für Benutzer:
2024-05-24 16:00:27 info: Überprüfung der Sitzung für Benutzer:
2024-05-24 16:00:27 info: Sitzungsdaten:
2024-05-24 16:00:27 info: Gültige Sitzung für Benutzer:
2024-05-24 16:00:27 info: Anfrage für Sitzungsinformationen erhalten
2024-05-24 16:00:27 info: Sitzungsinformationen:
2024-05-24 16:00:32 info: Performance-Daten:
2024-05-24 16:00:37 info: Performance-Daten:
2024-05-24 16:00:42 info: Performance-Daten:
2024-05-24 16:00:47 info: Performance-Daten:
2024-05-24 16:00:52 info: Performance-Daten:
2024-05-24 16:00:57 info: Performance-Daten:
2024-05-24 16:01:02 info: Performance-Daten:
2024-05-24 16:01:07 info: Performance-Daten:
2024-05-24 16:09:05 info: Server läuft auf http://localhost:3000
2024-05-24 16:09:05 info: Verbunden mit der Datenbank
2024-05-24 16:09:07 info: Performance-Daten:
2024-05-24 16:09:09 info: Überprüfung der Sitzung für Benutzer:
2024-05-24 16:09:09 info: Sitzungsdaten:
2024-05-24 16:09:09 info: Keine gültige Sitzung, Weiterleitung zur about.html
2024-05-24 16:09:14 info: Login-Daten empfangen: {"username":"2002","password":"pw2002"}
2024-05-24 16:09:14 info: {"username":"2002","password":"pw2002"}
2024-05-24 16:09:14 info: Ergebnisse der Abfrage:
2024-05-24 16:09:14 info: Sitzung gesetzt für Benutzer:
2024-05-24 16:09:14 info: Überprüfung der Sitzung für Benutzer:
2024-05-24 16:09:14 info: Sitzungsdaten:
2024-05-24 16:09:14 info: Gültige Sitzung für Benutzer:
2024-05-24 16:09:14 info: Anfrage für Sitzungsinformationen erhalten
2024-05-24 16:09:14 info: Sitzungsinformationen:
2024-05-24 16:09:19 info: Performance-Daten:
2024-05-24 16:09:24 info: Performance-Daten:
2024-05-24 16:09:29 info: Performance-Daten:
2024-05-24 16:09:34 info: Performance-Daten:
2024-05-24 16:09:39 info: Performance-Daten:
2024-05-24 16:09:44 info: Performance-Daten:
2024-05-24 16:09:49 info: Performance-Daten:
2024-05-24 16:09:52 info: SQL-Abfrage empfangen:
2024-05-24 16:09:54 info: Performance-Daten:
2024-05-24 16:09:59 info: Performance-Daten:
2024-05-24 16:10:04 info: Performance-Daten:
2024-05-24 16:10:09 info: Performance-Daten:
2024-05-24 16:10:14 info: Performance-Daten:
2024-05-24 16:10:19 info: Performance-Daten:
2024-05-24 16:10:24 info: Performance-Daten:
2024-05-24 16:10:29 info: Performance-Daten:
2024-05-24 16:10:34 info: Performance-Daten:
2024-05-24 16:14:45 info: Server läuft auf http://localhost:3000
2024-05-24 16:14:45 info: Verbunden mit der Datenbank
2024-05-24 16:14:46 info: Überprüfung der Sitzung für Benutzer:
2024-05-24 16:14:46 info: Sitzungsdaten:
2024-05-24 16:14:46 info: Keine gültige Sitzung, Weiterleitung zur about.html
2024-05-24 16:15:11 info: Login-Daten empfangen: {"username":"2001","password":"pw2001"}
2024-05-24 16:15:11 info: {"username":"2001","password":"pw2001"}
2024-05-24 16:15:11 info: Ergebnisse der Abfrage:
2024-05-24 16:15:11 info: Sitzung gesetzt für Benutzer:
2024-05-24 16:15:11 info: Überprüfung der Sitzung für Benutzer:
2024-05-24 16:15:11 info: Sitzungsdaten:
2024-05-24 16:15:11 info: Gültige Sitzung für Benutzer:
2024-05-24 16:15:11 info: Anfrage für Sitzungsinformationen erhalten
2024-05-24 16:15:11 info: Sitzungsinformationen:
2024-05-24 16:15:16 info: Performance-Daten:
2024-05-24 16:15:21 info: Performance-Daten:
2024-05-24 16:15:26 info: Performance-Daten:
2024-05-24 16:15:30 info: SQL-Abfrage empfangen:
2024-05-24 16:15:31 info: Performance-Daten:
2024-05-24 16:15:36 info: Performance-Daten:
2024-05-24 16:15:41 info: Performance-Daten:
2024-05-24 16:15:46 info: Performance-Daten:
2024-05-24 16:15:51 info: Performance-Daten:
2024-05-24 16:15:56 info: Performance-Daten:
2024-05-24 16:16:01 info: Performance-Daten:
2024-05-24 16:16:06 info: Performance-Daten:
2024-05-24 16:16:11 info: Performance-Daten:
2024-05-24 16:16:16 info: Performance-Daten:
2024-05-24 16:16:21 info: Performance-Daten:
2024-05-24 16:16:26 info: Performance-Daten:
2024-05-24 16:16:31 info: Performance-Daten:
2024-05-24 16:16:36 info: Performance-Daten:
2024-05-24 16:16:41 info: Performance-Daten:
2024-05-24 16:16:46 info: Performance-Daten:
2024-05-24 16:16:51 info: Performance-Daten:
2024-05-24 16:16:56 info: Performance-Daten:
2024-05-24 16:17:01 info: Performance-Daten:
2024-05-24 16:17:06 info: Performance-Daten:
2024-05-24 16:17:11 info: Performance-Daten:
2024-05-24 16:17:16 info: Performance-Daten:
2024-05-24 16:17:21 info: Performance-Daten:
2024-05-24 16:17:26 info: Performance-Daten:
2024-05-24 16:17:31 info: Performance-Daten:
2024-05-24 16:17:36 info: Performance-Daten:
2024-05-24 16:17:41 info: Performance-Daten:
2024-05-24 16:17:46 info: Performance-Daten:
2024-05-24 16:17:51 info: Performance-Daten:
2024-05-24 16:18:02 info: Performance-Daten:
2024-05-24 16:19:41 info: Server läuft auf http://localhost:3000
2024-05-24 16:19:41 info: Verbunden mit der Datenbank
2024-05-24 16:19:49 info: Überprüfung der Sitzung für Benutzer:
2024-05-24 16:19:49 info: Sitzungsdaten:
2024-05-24 16:19:49 info: Keine gültige Sitzung, Weiterleitung zur about.html
2024-05-24 16:19:53 info: Login-Daten empfangen: {"username":"2001","password":"pw2001"}
2024-05-24 16:19:53 info: {"username":"2001","password":"pw2001"}
2024-05-24 16:19:53 info: Ergebnisse der Abfrage:
2024-05-24 16:19:53 info: Sitzung gesetzt für Benutzer:
2024-05-24 16:19:53 info: Überprüfung der Sitzung für Benutzer:
2024-05-24 16:19:53 info: Sitzungsdaten:
2024-05-24 16:19:53 info: Keine gültige Sitzung, Weiterleitung zur about.html
2024-05-24 16:19:58 info: Login-Daten empfangen: {"username":"2001","password":"pw2001"}
2024-05-24 16:19:58 info: {"username":"2001","password":"pw2001"}
2024-05-24 16:19:58 info: Ergebnisse der Abfrage:
2024-05-24 16:19:58 info: Sitzung gesetzt für Benutzer:
2024-05-24 16:19:58 info: Überprüfung der Sitzung für Benutzer:
2024-05-24 16:19:58 info: Sitzungsdaten:
2024-05-24 16:19:58 info: Keine gültige Sitzung, Weiterleitung zur about.html
2024-05-24 16:20:50 info: Server läuft auf http://localhost:3000
2024-05-24 16:20:50 info: Verbunden mit der Datenbank
2024-05-24 16:20:59 info: Login-Daten empfangen: {"username":"2001","password":"pw2001"}
2024-05-24 16:20:59 info: {"username":"2001","password":"pw2001"}
2024-05-24 16:20:59 info: Ergebnisse der Abfrage:
2024-05-24 16:20:59 info: Sitzung gesetzt für Benutzer:
2024-05-24 16:20:59 info: Überprüfung der Sitzung für Benutzer:
2024-05-24 16:20:59 info: Sitzungsdaten:
2024-05-24 16:20:59 info: Gültige Sitzung für Benutzer:
2024-05-24 16:20:59 info: Anfrage für Sitzungsinformationen erhalten
2024-05-24 16:20:59 info: Sitzungsinformationen:
2024-05-24 16:43:20 info: Server läuft auf http://localhost:3000
2024-05-24 16:43:20 info: Verbunden mit der Datenbank
2024-05-24 16:43:29 info: Login-Daten empfangen: {"username":"2001","password":"pw2001"}
2024-05-24 16:43:29 info: {"username":"2001","password":"pw2001"}
2024-05-24 16:43:29 info: Ergebnisse der Abfrage:
2024-05-24 16:43:29 info: Sitzung gesetzt für Benutzer:
2024-05-24 16:43:29 info: Überprüfung der Sitzung für Benutzer:
2024-05-24 16:43:29 info: Sitzungsdaten:
2024-05-24 16:43:29 info: Gültige Sitzung für Benutzer:
2024-05-24 16:43:29 info: Anfrage für Sitzungsinformationen erhalten
2024-05-24 16:43:29 info: Sitzungsinformationen:
2024-05-24 16:50:33 info: Server läuft auf http://localhost:3000
2024-05-24 16:50:33 info: Verbunden mit der Datenbank
2024-05-24 16:50:57 info: Login-Daten empfangen: {"username":"2001","password":"pw2001"}
2024-05-24 16:50:57 info: {"username":"2001","password":"pw2001"}
2024-05-24 16:50:57 info: Ergebnisse der Abfrage:
2024-05-24 16:50:57 info: Sitzung gesetzt für Benutzer:
2024-05-24 16:50:57 info: Überprüfung der Sitzung für Benutzer:
2024-05-24 16:50:57 info: Sitzungsdaten:
2024-05-24 16:50:57 info: Gültige Sitzung für Benutzer:
2024-05-24 16:50:57 info: Anfrage für Sitzungsinformationen erhalten
2024-05-24 16:50:57 info: Sitzungsinformationen:
2024-05-24 16:51:27 info: SQL-Abfrage empfangen:
2024-05-24 16:51:54 info: SQL-Abfrage empfangen:
2024-05-24 16:52:09 info: SQL-Abfrage empfangen:
2024-05-24 16:52:20 info: SQL-Abfrage empfangen:
2024-05-24 21:08:24 info: Server läuft auf http://localhost:3000
2024-05-24 21:08:24 info: Verbunden mit der Datenbank
2024-05-24 21:08:39 info: Anfrage für Sitzungsinformationen erhalten
2024-05-24 21:08:39 info: Keine Sitzung gefunden
2024-05-24 21:09:27 info: Login-Daten empfangen: {"username":"2001","password":"pw2002"}
2024-05-24 21:09:27 info: {"username":"2001","password":"pw2002"}
2024-05-24 21:09:27 info: Ergebnisse der Abfrage:
2024-05-24 21:09:32 info: Login-Daten empfangen: {"username":"2001","password":"pw2001"}
2024-05-24 21:09:32 info: {"username":"2001","password":"pw2001"}
2024-05-24 21:09:32 info: Ergebnisse der Abfrage:
2024-05-24 21:09:32 info: Sitzung gesetzt für Benutzer:
2024-05-24 21:09:32 info: Überprüfung der Sitzung für Benutzer:
2024-05-24 21:09:32 info: Sitzungsdaten:
2024-05-24 21:09:32 info: Gültige Sitzung für Benutzer:
2024-05-24 21:09:33 info: Anfrage für Sitzungsinformationen erhalten
2024-05-24 21:09:33 info: Sitzungsinformationen:
2024-05-24 21:10:08 info: SQL-Abfrage empfangen:
2024-05-24 21:10:31 info: Anfrage für Sitzungsinformationen erhalten
2024-05-24 21:10:31 info: Keine Sitzung gefunden
2024-05-24 21:10:39 info: Überprüfung der Sitzung für Benutzer:
2024-05-24 21:10:39 info: Sitzungsdaten:
2024-05-24 21:10:39 info: Keine gültige Sitzung, Weiterleitung zur about.html
2024-05-28 15:53:14 info: Server läuft auf http://localhost:3000
2024-05-28 15:53:14 info: Verbunden mit der Datenbank
2024-05-28 15:53:28 info: Anfrage für Sitzungsinformationen erhalten
2024-05-28 15:53:28 info: Keine Sitzung gefunden
2024-05-28 15:53:56 info: Login-Daten empfangen: {"username":"hggf","password":"kjhlkhlk"}
2024-05-28 15:53:56 info: {"username":"hggf","password":"kjhlkhlk"}
2024-05-28 15:53:56 error: Fehler bei der Datenbankabfrage: ER_BAD_FIELD_ERROR: Unknown column 'NaN' in 'where clause'
2024-05-28 15:54:32 info: Login-Daten empfangen: {"username":"2001","password":"pw2001"}
2024-05-28 15:54:32 info: {"username":"2001","password":"pw2001"}
2024-05-28 15:54:32 info: Ergebnisse der Abfrage:
2024-05-28 15:54:32 info: Sitzung gesetzt für Benutzer:
2024-05-28 15:54:32 info: Überprüfung der Sitzung für Benutzer:
2024-05-28 15:54:33 info: Sitzungsdaten:
2024-05-28 15:54:33 info: Gültige Sitzung für Benutzer:
2024-05-28 15:54:33 info: Anfrage für Sitzungsinformationen erhalten
2024-05-28 15:54:33 info: Sitzungsinformationen:
2024-05-28 15:54:48 info: SQL-Abfrage empfangen:
2024-05-28 15:55:30 info: Überprüfung der Sitzung für Benutzer:
2024-05-28 15:55:30 info: Sitzungsdaten:
2024-05-28 15:55:30 info: Keine gültige Sitzung, Weiterleitung zur about.html
2024-05-28 15:57:32 info: Server läuft auf http://localhost:3000
2024-05-28 15:57:32 info: Verbunden mit der Datenbank
2024-05-28 15:58:23 info: Login-Daten empfangen: {"username":"2001","password":"pw2001"}
2024-05-28 15:58:23 info: {"username":"2001","password":"pw2001"}
2024-05-28 15:58:23 info: Ergebnisse der Abfrage:
2024-05-28 15:58:23 info: Sitzung gesetzt für Benutzer:
2024-05-28 15:58:23 info: Überprüfung der Sitzung für Benutzer:
2024-05-28 15:58:23 info: Sitzungsdaten:
2024-05-28 15:58:23 info: Gültige Sitzung für Benutzer:
2024-05-28 15:58:23 info: Anfrage für Sitzungsinformationen erhalten
2024-05-28 15:58:23 info: Sitzungsinformationen:
2024-06-04 17:24:11 info: Server läuft auf http://localhost:3000
2024-06-04 17:24:11 info: Verbunden mit der Datenbank
2024-06-04 17:24:19 info: Anfrage für Sitzungsinformationen erhalten
2024-06-04 17:24:19 info: Keine Sitzung gefunden
2024-06-04 17:24:57 info: Login-Daten empfangen: {"username":"2001","password":"pw2001"}
2024-06-04 17:24:57 info: {"username":"2001","password":"pw2001"}
2024-06-04 17:24:57 info: Ergebnisse der Abfrage:
2024-06-04 17:24:57 info: Sitzung gesetzt für Benutzer:
2024-06-04 17:24:57 info: Überprüfung der Sitzung für Benutzer:
2024-06-04 17:24:57 info: Sitzungsdaten:
2024-06-04 17:24:57 info: Gültige Sitzung für Benutzer:
2024-06-04 17:24:57 info: Anfrage für Sitzungsinformationen erhalten
2024-06-04 17:24:57 info: Sitzungsinformationen:
2024-06-04 17:25:34 info: SQL-Abfrage empfangen:
2024-06-04 17:57:18 info: Server läuft auf http://localhost:3000
2024-06-04 17:57:19 info: Verbunden mit der Datenbank
2024-06-04 17:58:33 info: Server läuft auf http://localhost:3000
2024-06-04 17:58:33 info: Verbunden mit der Datenbank
2024-06-04 17:59:05 info: Login-Daten empfangen: {"username":"erghadjhnder","password":"asrhaewsgwsegwes"}
2024-06-04 17:59:05 info: {"username":"erghadjhnder","password":"asrhaewsgwsegwes"}
2024-06-04 17:59:05 error: Fehler bei der Datenbankabfrage: ER_BAD_FIELD_ERROR: Unknown column 'NaN' in 'where clause'
2024-06-04 17:59:33 info: Login-Daten empfangen: {"username":"2001","password":"pw2001"}
2024-06-04 17:59:33 info: {"username":"2001","password":"pw2001"}
2024-06-04 17:59:33 info: Ergebnisse der Abfrage:
2024-06-04 17:59:33 info: Sitzung gesetzt für Benutzer:
2024-06-04 17:59:33 info: Überprüfung der Sitzung für Benutzer:
2024-06-04 17:59:33 info: Sitzungsdaten:
2024-06-04 17:59:33 info: Gültige Sitzung für Benutzer:
2024-06-04 17:59:34 info: Anfrage für Sitzungsinformationen erhalten
2024-06-04 17:59:34 info: Sitzungsinformationen:
2024-06-04 18:00:37 info: SQL-Abfrage empfangen:
2024-06-04 18:00:49 info: SQL-Abfrage empfangen:
2024-06-04 18:01:32 info: Login-Daten empfangen: {"username":"2002","password":"pw2002"}
2024-06-04 18:01:32 info: {"username":"2002","password":"pw2002"}
2024-06-04 18:01:32 info: Ergebnisse der Abfrage:
2024-06-04 18:01:32 info: Sitzung gesetzt für Benutzer:
2024-06-04 18:01:32 info: Überprüfung der Sitzung für Benutzer:
2024-06-04 18:01:32 info: Sitzungsdaten:
2024-06-04 18:01:32 info: Gültige Sitzung für Benutzer:
2024-06-04 18:01:32 info: Anfrage für Sitzungsinformationen erhalten
2024-06-04 18:01:32 info: Sitzungsinformationen:
2024-06-04 18:01:44 info: Überprüfung der Sitzung für Benutzer:
2024-06-04 18:01:44 info: Sitzungsdaten:
2024-06-04 18:01:44 info: Keine gültige Sitzung, Weiterleitung zur about.html
2024-06-04 18:17:10 info: Server läuft auf http://localhost:3000
2024-06-04 18:17:10 info: Verbunden mit der Datenbank
2024-06-04 18:17:25 info: Login-Daten empfangen: {"username":"2001","password":"pw2001"}
2024-06-04 18:17:25 info: {"username":"2001","password":"pw2001"}
2024-06-04 18:17:25 info: Ergebnisse der Abfrage:
2024-06-04 18:17:25 info: Sitzung gesetzt für Benutzer:
2024-06-04 18:17:25 info: Überprüfung der Sitzung für Benutzer:
2024-06-04 18:17:25 info: Sitzungsdaten:
2024-06-04 18:17:25 info: Gültige Sitzung für Benutzer:
2024-06-04 18:17:25 info: Anfrage für Sitzungsinformationen erhalten
2024-06-04 18:17:25 info: Sitzungsinformationen:
2024-06-04 18:24:12 info: Server läuft auf http://localhost:3000
2024-06-04 18:24:12 info: Verbunden mit der Datenbank
